  rektoratunesa.cpp
D:\Kuliah - Semester 3\Grafika Komputer\Project\Project_063_Romadhoni\rektoratunesa\rektoratunesa\rektoratunesa.cpp(13,24): warning C4305: 'argument': truncation from 'double' to 'GLfloat'
D:\Kuliah - Semester 3\Grafika Komputer\Project\Project_063_Romadhoni\rektoratunesa\rektoratunesa\rektoratunesa.cpp(13,18): warning C4305: 'argument': truncation from 'double' to 'GLfloat'
D:\Kuliah - Semester 3\Grafika Komputer\Project\Project_063_Romadhoni\rektoratunesa\rektoratunesa\rektoratunesa.cpp(13,12): warning C4305: 'argument': truncation from 'double' to 'GLfloat'
D:\Kuliah - Semester 3\Grafika Komputer\Project\Project_063_Romadhoni\rektoratunesa\rektoratunesa\rektoratunesa.cpp(40,24): warning C4305: 'argument': truncation from 'double' to 'GLfloat'
D:\Kuliah - Semester 3\Grafika Komputer\Project\Project_063_Romadhoni\rektoratunesa\rektoratunesa\rektoratunesa.cpp(40,18): warning C4305: 'argument': truncation from 'double' to 'GLfloat'
D:\Kuliah - Semester 3\Grafika Komputer\Project\Project_063_Romadhoni\rektoratunesa\rektoratunesa\rektoratunesa.cpp(40,12): warning C4305: 'argument': truncation from 'double' to 'GLfloat'
D:\Kuliah - Semester 3\Grafika Komputer\Project\Project_063_Romadhoni\rektoratunesa\rektoratunesa\rektoratunesa.cpp(47,20): warning C4305: 'argument': truncation from 'double' to 'GLclampf'
D:\Kuliah - Semester 3\Grafika Komputer\Project\Project_063_Romadhoni\rektoratunesa\rektoratunesa\rektoratunesa.cpp(47,15): warning C4305: 'argument': truncation from 'double' to 'GLclampf'
D:\Kuliah - Semester 3\Grafika Komputer\Project\Project_063_Romadhoni\rektoratunesa\rektoratunesa\rektoratunesa.cpp(60,11): warning C4305: 'argument': truncation from 'double' to 'GLfloat'
D:\Kuliah - Semester 3\Grafika Komputer\Project\Project_063_Romadhoni\rektoratunesa\rektoratunesa\rektoratunesa.cpp(66,22): warning C4305: 'argument': truncation from 'double' to 'GLfloat'
D:\Kuliah - Semester 3\Grafika Komputer\Project\Project_063_Romadhoni\rektoratunesa\rektoratunesa\rektoratunesa.cpp(66,17): warning C4305: 'argument': truncation from 'double' to 'GLfloat'
D:\Kuliah - Semester 3\Grafika Komputer\Project\Project_063_Romadhoni\rektoratunesa\rektoratunesa\rektoratunesa.cpp(66,12): warning C4305: 'argument': truncation from 'double' to 'GLfloat'
D:\Kuliah - Semester 3\Grafika Komputer\Project\Project_063_Romadhoni\rektoratunesa\rektoratunesa\rektoratunesa.cpp(68,11): warning C4305: 'argument': truncation from 'double' to 'GLfloat'
D:\Kuliah - Semester 3\Grafika Komputer\Project\Project_063_Romadhoni\rektoratunesa\rektoratunesa\rektoratunesa.cpp(74,12): warning C4305: 'argument': truncation from 'double' to 'GLfloat'
D:\Kuliah - Semester 3\Grafika Komputer\Project\Project_063_Romadhoni\rektoratunesa\rektoratunesa\rektoratunesa.cpp(77,11): warning C4305: 'argument': truncation from 'double' to 'GLfloat'
D:\Kuliah - Semester 3\Grafika Komputer\Project\Project_063_Romadhoni\rektoratunesa\rektoratunesa\rektoratunesa.cpp(83,22): warning C4305: 'argument': truncation from 'double' to 'GLfloat'
D:\Kuliah - Semester 3\Grafika Komputer\Project\Project_063_Romadhoni\rektoratunesa\rektoratunesa\rektoratunesa.cpp(83,17): warning C4305: 'argument': truncation from 'double' to 'GLfloat'
D:\Kuliah - Semester 3\Grafika Komputer\Project\Project_063_Romadhoni\rektoratunesa\rektoratunesa\rektoratunesa.cpp(83,12): warning C4305: 'argument': truncation from 'double' to 'GLfloat'
D:\Kuliah - Semester 3\Grafika Komputer\Project\Project_063_Romadhoni\rektoratunesa\rektoratunesa\rektoratunesa.cpp(86,11): warning C4305: 'argument': truncation from 'double' to 'GLfloat'
D:\Kuliah - Semester 3\Grafika Komputer\Project\Project_063_Romadhoni\rektoratunesa\rektoratunesa\rektoratunesa.cpp(92,22): warning C4305: 'argument': truncation from 'double' to 'GLfloat'
D:\Kuliah - Semester 3\Grafika Komputer\Project\Project_063_Romadhoni\rektoratunesa\rektoratunesa\rektoratunesa.cpp(92,17): warning C4305: 'argument': truncation from 'double' to 'GLfloat'
D:\Kuliah - Semester 3\Grafika Komputer\Project\Project_063_Romadhoni\rektoratunesa\rektoratunesa\rektoratunesa.cpp(92,12): warning C4305: 'argument': truncation from 'double' to 'GLfloat'
D:\Kuliah - Semester 3\Grafika Komputer\Project\Project_063_Romadhoni\rektoratunesa\rektoratunesa\rektoratunesa.cpp(95,16): warning C4305: 'argument': truncation from 'double' to 'GLfloat'
D:\Kuliah - Semester 3\Grafika Komputer\Project\Project_063_Romadhoni\rektoratunesa\rektoratunesa\rektoratunesa.cpp(95,11): warning C4305: 'argument': truncation from 'double' to 'GLfloat'
D:\Kuliah - Semester 3\Grafika Komputer\Project\Project_063_Romadhoni\rektoratunesa\rektoratunesa\rektoratunesa.cpp(104,11): warning C4305: 'argument': truncation from 'double' to 'GLfloat'
D:\Kuliah - Semester 3\Grafika Komputer\Project\Project_063_Romadhoni\rektoratunesa\rektoratunesa\rektoratunesa.cpp(117,16): warning C4305: 'argument': truncation from 'double' to 'GLfloat'
D:\Kuliah - Semester 3\Grafika Komputer\Project\Project_063_Romadhoni\rektoratunesa\rektoratunesa\rektoratunesa.cpp(117,11): warning C4305: 'argument': truncation from 'double' to 'GLfloat'
D:\Kuliah - Semester 3\Grafika Komputer\Project\Project_063_Romadhoni\rektoratunesa\rektoratunesa\rektoratunesa.cpp(121,12): warning C4305: 'argument': truncation from 'double' to 'GLfloat'
D:\Kuliah - Semester 3\Grafika Komputer\Project\Project_063_Romadhoni\rektoratunesa\rektoratunesa\rektoratunesa.cpp(128,15): warning C4305: 'argument': truncation from 'double' to 'GLfloat'
D:\Kuliah - Semester 3\Grafika Komputer\Project\Project_063_Romadhoni\rektoratunesa\rektoratunesa\rektoratunesa.cpp(138,16): warning C4305: 'argument': truncation from 'double' to 'GLfloat'
D:\Kuliah - Semester 3\Grafika Komputer\Project\Project_063_Romadhoni\rektoratunesa\rektoratunesa\rektoratunesa.cpp(138,11): warning C4305: 'argument': truncation from 'double' to 'GLfloat'
D:\Kuliah - Semester 3\Grafika Komputer\Project\Project_063_Romadhoni\rektoratunesa\rektoratunesa\rektoratunesa.cpp(147,11): warning C4305: 'argument': truncation from 'double' to 'GLfloat'
D:\Kuliah - Semester 3\Grafika Komputer\Project\Project_063_Romadhoni\rektoratunesa\rektoratunesa\rektoratunesa.cpp(153,22): warning C4305: 'argument': truncation from 'double' to 'GLfloat'
D:\Kuliah - Semester 3\Grafika Komputer\Project\Project_063_Romadhoni\rektoratunesa\rektoratunesa\rektoratunesa.cpp(153,17): warning C4305: 'argument': truncation from 'double' to 'GLfloat'
D:\Kuliah - Semester 3\Grafika Komputer\Project\Project_063_Romadhoni\rektoratunesa\rektoratunesa\rektoratunesa.cpp(153,12): warning C4305: 'argument': truncation from 'double' to 'GLfloat'
D:\Kuliah - Semester 3\Grafika Komputer\Project\Project_063_Romadhoni\rektoratunesa\rektoratunesa\rektoratunesa.cpp(155,11): warning C4305: 'argument': truncation from 'double' to 'GLfloat'
D:\Kuliah - Semester 3\Grafika Komputer\Project\Project_063_Romadhoni\rektoratunesa\rektoratunesa\rektoratunesa.cpp(161,12): warning C4305: 'argument': truncation from 'double' to 'GLfloat'
D:\Kuliah - Semester 3\Grafika Komputer\Project\Project_063_Romadhoni\rektoratunesa\rektoratunesa\rektoratunesa.cpp(164,11): warning C4305: 'argument': truncation from 'double' to 'GLfloat'
D:\Kuliah - Semester 3\Grafika Komputer\Project\Project_063_Romadhoni\rektoratunesa\rektoratunesa\rektoratunesa.cpp(170,22): warning C4305: 'argument': truncation from 'double' to 'GLfloat'
D:\Kuliah - Semester 3\Grafika Komputer\Project\Project_063_Romadhoni\rektoratunesa\rektoratunesa\rektoratunesa.cpp(170,17): warning C4305: 'argument': truncation from 'double' to 'GLfloat'
D:\Kuliah - Semester 3\Grafika Komputer\Project\Project_063_Romadhoni\rektoratunesa\rektoratunesa\rektoratunesa.cpp(170,12): warning C4305: 'argument': truncation from 'double' to 'GLfloat'
D:\Kuliah - Semester 3\Grafika Komputer\Project\Project_063_Romadhoni\rektoratunesa\rektoratunesa\rektoratunesa.cpp(173,11): warning C4305: 'argument': truncation from 'double' to 'GLfloat'
D:\Kuliah - Semester 3\Grafika Komputer\Project\Project_063_Romadhoni\rektoratunesa\rektoratunesa\rektoratunesa.cpp(179,22): warning C4305: 'argument': truncation from 'double' to 'GLfloat'
D:\Kuliah - Semester 3\Grafika Komputer\Project\Project_063_Romadhoni\rektoratunesa\rektoratunesa\rektoratunesa.cpp(179,17): warning C4305: 'argument': truncation from 'double' to 'GLfloat'
D:\Kuliah - Semester 3\Grafika Komputer\Project\Project_063_Romadhoni\rektoratunesa\rektoratunesa\rektoratunesa.cpp(179,12): warning C4305: 'argument': truncation from 'double' to 'GLfloat'
D:\Kuliah - Semester 3\Grafika Komputer\Project\Project_063_Romadhoni\rektoratunesa\rektoratunesa\rektoratunesa.cpp(182,16): warning C4305: 'argument': truncation from 'double' to 'GLfloat'
D:\Kuliah - Semester 3\Grafika Komputer\Project\Project_063_Romadhoni\rektoratunesa\rektoratunesa\rektoratunesa.cpp(182,11): warning C4305: 'argument': truncation from 'double' to 'GLfloat'
D:\Kuliah - Semester 3\Grafika Komputer\Project\Project_063_Romadhoni\rektoratunesa\rektoratunesa\rektoratunesa.cpp(191,11): warning C4305: 'argument': truncation from 'double' to 'GLfloat'
D:\Kuliah - Semester 3\Grafika Komputer\Project\Project_063_Romadhoni\rektoratunesa\rektoratunesa\rektoratunesa.cpp(204,16): warning C4305: 'argument': truncation from 'double' to 'GLfloat'
D:\Kuliah - Semester 3\Grafika Komputer\Project\Project_063_Romadhoni\rektoratunesa\rektoratunesa\rektoratunesa.cpp(204,11): warning C4305: 'argument': truncation from 'double' to 'GLfloat'
D:\Kuliah - Semester 3\Grafika Komputer\Project\Project_063_Romadhoni\rektoratunesa\rektoratunesa\rektoratunesa.cpp(208,12): warning C4305: 'argument': truncation from 'double' to 'GLfloat'
D:\Kuliah - Semester 3\Grafika Komputer\Project\Project_063_Romadhoni\rektoratunesa\rektoratunesa\rektoratunesa.cpp(215,15): warning C4305: 'argument': truncation from 'double' to 'GLfloat'
D:\Kuliah - Semester 3\Grafika Komputer\Project\Project_063_Romadhoni\rektoratunesa\rektoratunesa\rektoratunesa.cpp(225,16): warning C4305: 'argument': truncation from 'double' to 'GLfloat'
D:\Kuliah - Semester 3\Grafika Komputer\Project\Project_063_Romadhoni\rektoratunesa\rektoratunesa\rektoratunesa.cpp(225,11): warning C4305: 'argument': truncation from 'double' to 'GLfloat'
D:\Kuliah - Semester 3\Grafika Komputer\Project\Project_063_Romadhoni\rektoratunesa\rektoratunesa\rektoratunesa.cpp(231,22): warning C4305: 'argument': truncation from 'double' to 'GLfloat'
D:\Kuliah - Semester 3\Grafika Komputer\Project\Project_063_Romadhoni\rektoratunesa\rektoratunesa\rektoratunesa.cpp(231,17): warning C4305: 'argument': truncation from 'double' to 'GLfloat'
D:\Kuliah - Semester 3\Grafika Komputer\Project\Project_063_Romadhoni\rektoratunesa\rektoratunesa\rektoratunesa.cpp(231,12): warning C4305: 'argument': truncation from 'double' to 'GLfloat'
D:\Kuliah - Semester 3\Grafika Komputer\Project\Project_063_Romadhoni\rektoratunesa\rektoratunesa\rektoratunesa.cpp(233,15): warning C4305: 'argument': truncation from 'double' to 'GLfloat'
D:\Kuliah - Semester 3\Grafika Komputer\Project\Project_063_Romadhoni\rektoratunesa\rektoratunesa\rektoratunesa.cpp(243,22): warning C4305: 'argument': truncation from 'double' to 'GLfloat'
D:\Kuliah - Semester 3\Grafika Komputer\Project\Project_063_Romadhoni\rektoratunesa\rektoratunesa\rektoratunesa.cpp(243,17): warning C4305: 'argument': truncation from 'double' to 'GLfloat'
D:\Kuliah - Semester 3\Grafika Komputer\Project\Project_063_Romadhoni\rektoratunesa\rektoratunesa\rektoratunesa.cpp(243,12): warning C4305: 'argument': truncation from 'double' to 'GLfloat'
D:\Kuliah - Semester 3\Grafika Komputer\Project\Project_063_Romadhoni\rektoratunesa\rektoratunesa\rektoratunesa.cpp(245,15): warning C4305: 'argument': truncation from 'double' to 'GLfloat'
D:\Kuliah - Semester 3\Grafika Komputer\Project\Project_063_Romadhoni\rektoratunesa\rektoratunesa\rektoratunesa.cpp(253,17): warning C4305: 'argument': truncation from 'double' to 'GLfloat'
D:\Kuliah - Semester 3\Grafika Komputer\Project\Project_063_Romadhoni\rektoratunesa\rektoratunesa\rektoratunesa.cpp(253,11): warning C4305: 'argument': truncation from 'double' to 'GLfloat'
D:\Kuliah - Semester 3\Grafika Komputer\Project\Project_063_Romadhoni\rektoratunesa\rektoratunesa\rektoratunesa.cpp(259,12): warning C4305: 'argument': truncation from 'double' to 'GLfloat'
D:\Kuliah - Semester 3\Grafika Komputer\Project\Project_063_Romadhoni\rektoratunesa\rektoratunesa\rektoratunesa.cpp(261,16): warning C4305: 'argument': truncation from 'double' to 'GLfloat'
D:\Kuliah - Semester 3\Grafika Komputer\Project\Project_063_Romadhoni\rektoratunesa\rektoratunesa\rektoratunesa.cpp(261,11): warning C4305: 'argument': truncation from 'double' to 'GLfloat'
D:\Kuliah - Semester 3\Grafika Komputer\Project\Project_063_Romadhoni\rektoratunesa\rektoratunesa\rektoratunesa.cpp(269,16): warning C4305: 'argument': truncation from 'double' to 'GLfloat'
D:\Kuliah - Semester 3\Grafika Komputer\Project\Project_063_Romadhoni\rektoratunesa\rektoratunesa\rektoratunesa.cpp(269,11): warning C4305: 'argument': truncation from 'double' to 'GLfloat'
D:\Kuliah - Semester 3\Grafika Komputer\Project\Project_063_Romadhoni\rektoratunesa\rektoratunesa\rektoratunesa.cpp(276,17): warning C4305: 'argument': truncation from 'double' to 'GLfloat'
D:\Kuliah - Semester 3\Grafika Komputer\Project\Project_063_Romadhoni\rektoratunesa\rektoratunesa\rektoratunesa.cpp(276,11): warning C4305: 'argument': truncation from 'double' to 'GLfloat'
D:\Kuliah - Semester 3\Grafika Komputer\Project\Project_063_Romadhoni\rektoratunesa\rektoratunesa\rektoratunesa.cpp(283,24): warning C4305: 'argument': truncation from 'double' to 'GLfloat'
D:\Kuliah - Semester 3\Grafika Komputer\Project\Project_063_Romadhoni\rektoratunesa\rektoratunesa\rektoratunesa.cpp(283,18): warning C4305: 'argument': truncation from 'double' to 'GLfloat'
D:\Kuliah - Semester 3\Grafika Komputer\Project\Project_063_Romadhoni\rektoratunesa\rektoratunesa\rektoratunesa.cpp(283,12): warning C4305: 'argument': truncation from 'double' to 'GLfloat'
D:\Kuliah - Semester 3\Grafika Komputer\Project\Project_063_Romadhoni\rektoratunesa\rektoratunesa\rektoratunesa.cpp(284,17): warning C4305: 'argument': truncation from 'double' to 'GLfloat'
D:\Kuliah - Semester 3\Grafika Komputer\Project\Project_063_Romadhoni\rektoratunesa\rektoratunesa\rektoratunesa.cpp(284,11): warning C4305: 'argument': truncation from 'double' to 'GLfloat'
D:\Kuliah - Semester 3\Grafika Komputer\Project\Project_063_Romadhoni\rektoratunesa\rektoratunesa\rektoratunesa.cpp(291,12): warning C4305: 'argument': truncation from 'double' to 'GLfloat'
D:\Kuliah - Semester 3\Grafika Komputer\Project\Project_063_Romadhoni\rektoratunesa\rektoratunesa\rektoratunesa.cpp(293,17): warning C4305: 'argument': truncation from 'double' to 'GLfloat'
D:\Kuliah - Semester 3\Grafika Komputer\Project\Project_063_Romadhoni\rektoratunesa\rektoratunesa\rektoratunesa.cpp(298,16): warning C4305: 'argument': truncation from 'double' to 'GLfloat'
D:\Kuliah - Semester 3\Grafika Komputer\Project\Project_063_Romadhoni\rektoratunesa\rektoratunesa\rektoratunesa.cpp(298,11): warning C4305: 'argument': truncation from 'double' to 'GLfloat'
D:\Kuliah - Semester 3\Grafika Komputer\Project\Project_063_Romadhoni\rektoratunesa\rektoratunesa\rektoratunesa.cpp(311,17): warning C4305: 'argument': truncation from 'double' to 'GLfloat'
D:\Kuliah - Semester 3\Grafika Komputer\Project\Project_063_Romadhoni\rektoratunesa\rektoratunesa\rektoratunesa.cpp(315,22): warning C4305: 'argument': truncation from 'double' to 'GLfloat'
D:\Kuliah - Semester 3\Grafika Komputer\Project\Project_063_Romadhoni\rektoratunesa\rektoratunesa\rektoratunesa.cpp(315,17): warning C4305: 'argument': truncation from 'double' to 'GLfloat'
D:\Kuliah - Semester 3\Grafika Komputer\Project\Project_063_Romadhoni\rektoratunesa\rektoratunesa\rektoratunesa.cpp(315,12): warning C4305: 'argument': truncation from 'double' to 'GLfloat'
D:\Kuliah - Semester 3\Grafika Komputer\Project\Project_063_Romadhoni\rektoratunesa\rektoratunesa\rektoratunesa.cpp(316,11): warning C4305: 'argument': truncation from 'double' to 'GLfloat'
D:\Kuliah - Semester 3\Grafika Komputer\Project\Project_063_Romadhoni\rektoratunesa\rektoratunesa\rektoratunesa.cpp(322,22): warning C4305: 'argument': truncation from 'double' to 'GLfloat'
D:\Kuliah - Semester 3\Grafika Komputer\Project\Project_063_Romadhoni\rektoratunesa\rektoratunesa\rektoratunesa.cpp(322,17): warning C4305: 'argument': truncation from 'double' to 'GLfloat'
D:\Kuliah - Semester 3\Grafika Komputer\Project\Project_063_Romadhoni\rektoratunesa\rektoratunesa\rektoratunesa.cpp(322,12): warning C4305: 'argument': truncation from 'double' to 'GLfloat'
D:\Kuliah - Semester 3\Grafika Komputer\Project\Project_063_Romadhoni\rektoratunesa\rektoratunesa\rektoratunesa.cpp(329,22): warning C4305: 'argument': truncation from 'double' to 'GLfloat'
D:\Kuliah - Semester 3\Grafika Komputer\Project\Project_063_Romadhoni\rektoratunesa\rektoratunesa\rektoratunesa.cpp(329,17): warning C4305: 'argument': truncation from 'double' to 'GLfloat'
D:\Kuliah - Semester 3\Grafika Komputer\Project\Project_063_Romadhoni\rektoratunesa\rektoratunesa\rektoratunesa.cpp(329,12): warning C4305: 'argument': truncation from 'double' to 'GLfloat'
D:\Kuliah - Semester 3\Grafika Komputer\Project\Project_063_Romadhoni\rektoratunesa\rektoratunesa\rektoratunesa.cpp(332,22): warning C4305: 'argument': truncation from 'double' to 'GLfloat'
D:\Kuliah - Semester 3\Grafika Komputer\Project\Project_063_Romadhoni\rektoratunesa\rektoratunesa\rektoratunesa.cpp(332,17): warning C4305: 'argument': truncation from 'double' to 'GLfloat'
D:\Kuliah - Semester 3\Grafika Komputer\Project\Project_063_Romadhoni\rektoratunesa\rektoratunesa\rektoratunesa.cpp(332,12): warning C4305: 'argument': truncation from 'double' to 'GLfloat'
D:\Kuliah - Semester 3\Grafika Komputer\Project\Project_063_Romadhoni\rektoratunesa\rektoratunesa\rektoratunesa.cpp(353,17): warning C4305: 'argument': truncation from 'double' to 'GLfloat'
D:\Kuliah - Semester 3\Grafika Komputer\Project\Project_063_Romadhoni\rektoratunesa\rektoratunesa\rektoratunesa.cpp(353,11): warning C4305: 'argument': truncation from 'double' to 'GLfloat'
D:\Kuliah - Semester 3\Grafika Komputer\Project\Project_063_Romadhoni\rektoratunesa\rektoratunesa\rektoratunesa.cpp(359,20): warning C4305: 'argument': truncation from 'double' to 'GLfloat'
D:\Kuliah - Semester 3\Grafika Komputer\Project\Project_063_Romadhoni\rektoratunesa\rektoratunesa\rektoratunesa.cpp(360,17): warning C4305: 'argument': truncation from 'double' to 'GLfloat'
D:\Kuliah - Semester 3\Grafika Komputer\Project\Project_063_Romadhoni\rektoratunesa\rektoratunesa\rektoratunesa.cpp(360,11): warning C4305: 'argument': truncation from 'double' to 'GLfloat'
D:\Kuliah - Semester 3\Grafika Komputer\Project\Project_063_Romadhoni\rektoratunesa\rektoratunesa\rektoratunesa.cpp(364,16): warning C4305: 'argument': truncation from 'double' to 'GLfloat'
D:\Kuliah - Semester 3\Grafika Komputer\Project\Project_063_Romadhoni\rektoratunesa\rektoratunesa\rektoratunesa.cpp(365,17): warning C4305: 'argument': truncation from 'double' to 'GLfloat'
D:\Kuliah - Semester 3\Grafika Komputer\Project\Project_063_Romadhoni\rektoratunesa\rektoratunesa\rektoratunesa.cpp(372,12): warning C4305: 'argument': truncation from 'double' to 'GLfloat'
D:\Kuliah - Semester 3\Grafika Komputer\Project\Project_063_Romadhoni\rektoratunesa\rektoratunesa\rektoratunesa.cpp(373,17): warning C4305: 'argument': truncation from 'double' to 'GLfloat'
D:\Kuliah - Semester 3\Grafika Komputer\Project\Project_063_Romadhoni\rektoratunesa\rektoratunesa\rektoratunesa.cpp(373,11): warning C4305: 'argument': truncation from 'double' to 'GLfloat'
D:\Kuliah - Semester 3\Grafika Komputer\Project\Project_063_Romadhoni\rektoratunesa\rektoratunesa\rektoratunesa.cpp(389,12): warning C4305: 'argument': truncation from 'double' to 'GLfloat'
D:\Kuliah - Semester 3\Grafika Komputer\Project\Project_063_Romadhoni\rektoratunesa\rektoratunesa\rektoratunesa.cpp(390,17): warning C4305: 'argument': truncation from 'double' to 'GLfloat'
D:\Kuliah - Semester 3\Grafika Komputer\Project\Project_063_Romadhoni\rektoratunesa\rektoratunesa\rektoratunesa.cpp(390,11): warning C4305: 'argument': truncation from 'double' to 'GLfloat'
D:\Kuliah - Semester 3\Grafika Komputer\Project\Project_063_Romadhoni\rektoratunesa\rektoratunesa\rektoratunesa.cpp(407,12): warning C4305: 'argument': truncation from 'double' to 'GLfloat'
D:\Kuliah - Semester 3\Grafika Komputer\Project\Project_063_Romadhoni\rektoratunesa\rektoratunesa\rektoratunesa.cpp(408,17): warning C4305: 'argument': truncation from 'double' to 'GLfloat'
D:\Kuliah - Semester 3\Grafika Komputer\Project\Project_063_Romadhoni\rektoratunesa\rektoratunesa\rektoratunesa.cpp(408,11): warning C4305: 'argument': truncation from 'double' to 'GLfloat'
D:\Kuliah - Semester 3\Grafika Komputer\Project\Project_063_Romadhoni\rektoratunesa\rektoratunesa\rektoratunesa.cpp(426,12): warning C4305: 'argument': truncation from 'double' to 'GLfloat'
D:\Kuliah - Semester 3\Grafika Komputer\Project\Project_063_Romadhoni\rektoratunesa\rektoratunesa\rektoratunesa.cpp(427,17): warning C4305: 'argument': truncation from 'double' to 'GLfloat'
D:\Kuliah - Semester 3\Grafika Komputer\Project\Project_063_Romadhoni\rektoratunesa\rektoratunesa\rektoratunesa.cpp(427,11): warning C4305: 'argument': truncation from 'double' to 'GLfloat'
D:\Kuliah - Semester 3\Grafika Komputer\Project\Project_063_Romadhoni\rektoratunesa\rektoratunesa\rektoratunesa.cpp(446,22): warning C4305: 'argument': truncation from 'double' to 'GLfloat'
D:\Kuliah - Semester 3\Grafika Komputer\Project\Project_063_Romadhoni\rektoratunesa\rektoratunesa\rektoratunesa.cpp(446,17): warning C4305: 'argument': truncation from 'double' to 'GLfloat'
D:\Kuliah - Semester 3\Grafika Komputer\Project\Project_063_Romadhoni\rektoratunesa\rektoratunesa\rektoratunesa.cpp(446,12): warning C4305: 'argument': truncation from 'double' to 'GLfloat'
D:\Kuliah - Semester 3\Grafika Komputer\Project\Project_063_Romadhoni\rektoratunesa\rektoratunesa\rektoratunesa.cpp(448,15): warning C4305: 'argument': truncation from 'double' to 'GLfloat'
D:\Kuliah - Semester 3\Grafika Komputer\Project\Project_063_Romadhoni\rektoratunesa\rektoratunesa\rektoratunesa.cpp(457,22): warning C4305: 'argument': truncation from 'double' to 'GLfloat'
D:\Kuliah - Semester 3\Grafika Komputer\Project\Project_063_Romadhoni\rektoratunesa\rektoratunesa\rektoratunesa.cpp(457,17): warning C4305: 'argument': truncation from 'double' to 'GLfloat'
D:\Kuliah - Semester 3\Grafika Komputer\Project\Project_063_Romadhoni\rektoratunesa\rektoratunesa\rektoratunesa.cpp(457,12): warning C4305: 'argument': truncation from 'double' to 'GLfloat'
D:\Kuliah - Semester 3\Grafika Komputer\Project\Project_063_Romadhoni\rektoratunesa\rektoratunesa\rektoratunesa.cpp(462,16): warning C4305: 'argument': truncation from 'double' to 'GLfloat'
D:\Kuliah - Semester 3\Grafika Komputer\Project\Project_063_Romadhoni\rektoratunesa\rektoratunesa\rektoratunesa.cpp(464,11): warning C4305: 'argument': truncation from 'double' to 'GLfloat'
D:\Kuliah - Semester 3\Grafika Komputer\Project\Project_063_Romadhoni\rektoratunesa\rektoratunesa\rektoratunesa.cpp(466,22): warning C4305: 'argument': truncation from 'double' to 'GLfloat'
D:\Kuliah - Semester 3\Grafika Komputer\Project\Project_063_Romadhoni\rektoratunesa\rektoratunesa\rektoratunesa.cpp(466,17): warning C4305: 'argument': truncation from 'double' to 'GLfloat'
D:\Kuliah - Semester 3\Grafika Komputer\Project\Project_063_Romadhoni\rektoratunesa\rektoratunesa\rektoratunesa.cpp(466,12): warning C4305: 'argument': truncation from 'double' to 'GLfloat'
D:\Kuliah - Semester 3\Grafika Komputer\Project\Project_063_Romadhoni\rektoratunesa\rektoratunesa\rektoratunesa.cpp(468,11): warning C4305: 'argument': truncation from 'double' to 'GLfloat'
D:\Kuliah - Semester 3\Grafika Komputer\Project\Project_063_Romadhoni\rektoratunesa\rektoratunesa\rektoratunesa.cpp(473,22): warning C4305: 'argument': truncation from 'double' to 'GLfloat'
D:\Kuliah - Semester 3\Grafika Komputer\Project\Project_063_Romadhoni\rektoratunesa\rektoratunesa\rektoratunesa.cpp(473,17): warning C4305: 'argument': truncation from 'double' to 'GLfloat'
D:\Kuliah - Semester 3\Grafika Komputer\Project\Project_063_Romadhoni\rektoratunesa\rektoratunesa\rektoratunesa.cpp(473,12): warning C4305: 'argument': truncation from 'double' to 'GLfloat'
D:\Kuliah - Semester 3\Grafika Komputer\Project\Project_063_Romadhoni\rektoratunesa\rektoratunesa\rektoratunesa.cpp(481,6): warning C4326: return type of 'main' should be 'int' instead of 'void'
  rektoratunesa.vcxproj -> D:\Kuliah - Semester 3\Grafika Komputer\Project\Project_063_Romadhoni\rektoratunesa\x64\Debug\rektoratunesa.exe
